
--- New Upload Started at 1777149879.8037918 ---
Starting to load sample.txt...
Loaded sample.txt in 0.00s (Extracted 11 chars)
Total loading & chunking took 0.00s for 1 chunks
Starting embeddings for 1 chunks...
Embedding 1 chunks took 2.18s
Starting index build...
Index build & reload took 0.17s
Total upload request took 2.36s

--- New Upload Started at 1777150004.8857422 ---
Starting to load The Eiffel Tower is a wrought.docx...
Loaded The Eiffel Tower is a wrought.docx in 0.01s (Extracted 915 chars)
Total loading & chunking took 0.01s for 2 chunks
Starting embeddings for 2 chunks...
Embedding 2 chunks took 1.29s
Starting index build...
Index build & reload took 0.19s
Total upload request took 1.49s

--- New Upload Started at 1777150018.7520318 ---
Starting to load rag_test_document.pdf...
Loaded rag_test_document.pdf in 0.01s (Extracted 630 chars)
Starting to load The Eiffel Tower is a wrought.docx...
Loaded The Eiffel Tower is a wrought.docx in 0.00s (Extracted 915 chars)
Total loading & chunking took 0.02s for 3 chunks
Starting embeddings for 3 chunks...
Embedding 3 chunks took 1.30s
Starting index build...
Index build & reload took 0.21s
Total upload request took 1.53s
